app/build/intermediates/manifest_merge_blame_file/normalDebug/manifest-merger-blame-normal-debug-report.txt
1<?xml version="1.0" encoding="utf-8"?>
2<manifest xmlns:android="http://schemas.android.com/apk/res/android"
3    package="org.digitalcampus.oppia.tigray"
4    android:versionCode="99"
5    android:versionName="7.3.9.ti.1.release" >
6
7    <uses-sdk
7-->src/main/AndroidManifest.xml:6:5-48
8        android:minSdkVersion="21"
8-->src/main/AndroidManifest.xml:6:5-48
9        android:targetSdkVersion="30" />
9-->src/main/AndroidManifest.xml:6:5-48
10
11    <uses-permission android:name="android.permission.INTERNET" />
11-->src/main/AndroidManifest.xml:8:5-67
11-->src/main/AndroidManifest.xml:8:22-64
12    <uses-permission android:name="android.permission.ACCESS_NETWORK_STATE" />
12-->src/main/AndroidManifest.xml:9:5-79
12-->src/main/AndroidManifest.xml:9:22-76
13    <uses-permission android:name="android.permission.RECEIVE_BOOT_COMPLETED" />
13-->src/main/AndroidManifest.xml:10:5-81
13-->src/main/AndroidManifest.xml:10:22-78
14    <uses-permission android:name="android.permission.ACCESS_WIFI_STATE" />
14-->src/main/AndroidManifest.xml:11:5-76
14-->src/main/AndroidManifest.xml:11:22-73
15    <uses-permission android:name="android.permission.WAKE_LOCK" /> <!-- this next permission is only needed for testing/debug purposes -->
15-->src/main/AndroidManifest.xml:12:5-68
15-->src/main/AndroidManifest.xml:12:22-65
16    <uses-permission android:name="android.permission.SET_ANIMATION_SCALE" /> <!-- Bluetooth permissions -->
16-->src/main/AndroidManifest.xml:13:5-15:47
16-->src/main/AndroidManifest.xml:14:9-62
17    <uses-permission android:name="android.permission.BLUETOOTH_ADMIN" />
17-->src/main/AndroidManifest.xml:16:5-74
17-->src/main/AndroidManifest.xml:16:22-71
18    <uses-permission android:name="android.permission.BLUETOOTH" /> <!-- Dangerous-level permissions (need user confirmation) -->
18-->src/main/AndroidManifest.xml:17:5-68
18-->src/main/AndroidManifest.xml:17:22-65
19    <uses-permission android:name="android.permission.ACCESS_COARSE_LOCATION" />
19-->src/main/AndroidManifest.xml:18:5-81
19-->src/main/AndroidManifest.xml:18:22-78
20    <uses-permission android:name="android.permission.ACCESS_FINE_LOCATION" />
20-->src/main/AndroidManifest.xml:19:5-79
20-->src/main/AndroidManifest.xml:19:22-76
21    <uses-permission android:name="android.permission.WRITE_EXTERNAL_STORAGE" />
21-->src/main/AndroidManifest.xml:20:5-81
21-->src/main/AndroidManifest.xml:20:22-78
22    <uses-permission android:name="android.permission.REORDER_TASKS" />
22-->[androidx.fragment:fragment-testing:1.2.5] AndroidManifest.xml:25:5-72
22-->[androidx.fragment:fragment-testing:1.2.5] AndroidManifest.xml:25:22-69
23    <uses-permission android:name="android.permission.FOREGROUND_SERVICE" />
23-->[androidx.work:work-runtime:2.7.1] AndroidManifest.xml:28:5-77
23-->[androidx.work:work-runtime:2.7.1] AndroidManifest.xml:28:22-74
24
25    <permission
25-->[ly.count.android:sdk:20.11.8] AndroidManifest.xml:11:5-13:47
26        android:name="org.digitalcampus.oppia.tigray.CountlyPush.BROADCAST_PERMISSION"
26-->[ly.count.android:sdk:20.11.8] AndroidManifest.xml:12:9-73
27        android:protectionLevel="signature" />
27-->[ly.count.android:sdk:20.11.8] AndroidManifest.xml:13:9-44
28
29    <application
29-->src/main/AndroidManifest.xml:22:5-197:19
30        android:name="org.digitalcampus.oppia.application.App"
30-->src/main/AndroidManifest.xml:23:9-63
31        android:allowBackup="false"
31-->src/main/AndroidManifest.xml:24:9-36
32        android:appComponentFactory="androidx.core.app.CoreComponentFactory"
32-->[androidx.core:core:1.7.0] AndroidManifest.xml:24:18-86
33        android:debuggable="true"
34        android:icon="@drawable/mu"
34-->src/main/AndroidManifest.xml:25:9-36
35        android:label="@string/app_name"
35-->src/main/AndroidManifest.xml:26:9-41
36        android:requestLegacyExternalStorage="true"
36-->src/main/AndroidManifest.xml:27:9-52
37        android:supportsRtl="true"
37-->src/main/AndroidManifest.xml:28:9-35
38        android:testOnly="true"
39        android:theme="@style/Oppia.Theme"
39-->src/main/AndroidManifest.xml:29:9-43
40        android:usesCleartextTraffic="true" >
40-->src/main/AndroidManifest.xml:30:9-44
41        <activity
41-->src/main/AndroidManifest.xml:32:9-40:20
42            android:name="org.digitalcampus.oppia.activity.StartUpActivity"
42-->src/main/AndroidManifest.xml:33:13-76
43            android:label="@string/app_name" >
43-->src/main/AndroidManifest.xml:34:13-45
44            <intent-filter>
44-->src/main/AndroidManifest.xml:35:13-39:29
45                <action android:name="android.intent.action.MAIN" />
45-->src/main/AndroidManifest.xml:36:17-69
45-->src/main/AndroidManifest.xml:36:25-66
46
47                <category android:name="android.intent.category.LAUNCHER" />
47-->src/main/AndroidManifest.xml:38:17-77
47-->src/main/AndroidManifest.xml:38:27-74
48            </intent-filter>
49        </activity>
50        <activity
50-->src/main/AndroidManifest.xml:41:9-45:58
51            android:name="org.digitalcampus.oppia.activity.MainActivity"
51-->src/main/AndroidManifest.xml:42:13-73
52            android:label="@string/app_name"
52-->src/main/AndroidManifest.xml:43:13-45
53            android:theme="@style/Oppia.ToolbarTheme"
53-->src/main/AndroidManifest.xml:44:13-54
54            android:windowSoftInputMode="adjustResize" />
54-->src/main/AndroidManifest.xml:45:13-55
55        <activity
55-->src/main/AndroidManifest.xml:46:9-50:58
56            android:name="org.digitalcampus.oppia.activity.CourseIndexActivity"
56-->src/main/AndroidManifest.xml:47:13-80
57            android:label="@string/title_activity_course_index"
57-->src/main/AndroidManifest.xml:48:13-64
58            android:theme="@style/Oppia.ToolbarTheme"
58-->src/main/AndroidManifest.xml:49:13-54
59            android:windowSoftInputMode="adjustResize" />
59-->src/main/AndroidManifest.xml:50:13-55
60        <activity
60-->src/main/AndroidManifest.xml:51:9-55:76
61            android:name="org.digitalcampus.oppia.activity.CourseActivity"
61-->src/main/AndroidManifest.xml:52:13-75
62            android:label="@string/title_activity_course"
62-->src/main/AndroidManifest.xml:53:13-58
63            android:theme="@style/Oppia.ToolbarTheme"
63-->src/main/AndroidManifest.xml:54:13-54
64            android:windowSoftInputMode="stateAlwaysHidden|adjustResize" />
64-->src/main/AndroidManifest.xml:55:13-73
65        <activity
65-->src/main/AndroidManifest.xml:56:9-61:58
66            android:name="org.digitalcampus.oppia.activity.DownloadActivity"
66-->src/main/AndroidManifest.xml:57:13-77
67            android:label="@string/title_download_activity"
67-->src/main/AndroidManifest.xml:58:13-60
68            android:parentActivityName="org.digitalcampus.oppia.activity.MainActivity"
68-->src/main/AndroidManifest.xml:59:13-87
69            android:theme="@style/Oppia.ToolbarTheme"
69-->src/main/AndroidManifest.xml:60:13-54
70            android:windowSoftInputMode="adjustResize" />
70-->src/main/AndroidManifest.xml:61:13-55
71        <activity
71-->src/main/AndroidManifest.xml:62:9-67:58
72            android:name="org.digitalcampus.oppia.activity.TagSelectActivity"
72-->src/main/AndroidManifest.xml:63:13-78
73            android:label="@string/title_tag_select_activity"
73-->src/main/AndroidManifest.xml:64:13-62
74            android:parentActivityName="org.digitalcampus.oppia.activity.MainActivity"
74-->src/main/AndroidManifest.xml:65:13-87
75            android:theme="@style/Oppia.ToolbarTheme"
75-->src/main/AndroidManifest.xml:66:13-54
76            android:windowSoftInputMode="adjustResize" />
76-->src/main/AndroidManifest.xml:67:13-55
77        <activity
77-->src/main/AndroidManifest.xml:68:9-73:58
78            android:name="org.digitalcampus.oppia.activity.PrefsActivity"
78-->src/main/AndroidManifest.xml:69:13-74
79            android:label="@string/title_prefs"
79-->src/main/AndroidManifest.xml:70:13-48
80            android:parentActivityName="org.digitalcampus.oppia.activity.MainActivity"
80-->src/main/AndroidManifest.xml:71:13-87
81            android:theme="@style/Oppia.ToolbarTheme"
81-->src/main/AndroidManifest.xml:72:13-54
82            android:windowSoftInputMode="adjustResize" />
82-->src/main/AndroidManifest.xml:73:13-55
83        <activity
83-->src/main/AndroidManifest.xml:74:9-78:58
84            android:name="org.digitalcampus.oppia.activity.AboutActivity"
84-->src/main/AndroidManifest.xml:75:13-74
85            android:label="@string/title_about"
85-->src/main/AndroidManifest.xml:76:13-48
86            android:theme="@style/Oppia.ToolbarTheme"
86-->src/main/AndroidManifest.xml:77:13-54
87            android:windowSoftInputMode="adjustResize" />
87-->src/main/AndroidManifest.xml:78:13-55
88        <activity
88-->src/main/AndroidManifest.xml:79:9-84:76
89            android:name="org.digitalcampus.oppia.activity.WelcomeActivity"
89-->src/main/AndroidManifest.xml:80:13-76
90            android:configChanges="orientation|screenSize|keyboardHidden"
90-->src/main/AndroidManifest.xml:81:13-74
91            android:label="@string/app_name"
91-->src/main/AndroidManifest.xml:82:13-45
92            android:theme="@style/Oppia.ToolbarTheme"
92-->src/main/AndroidManifest.xml:83:13-54
93            android:windowSoftInputMode="adjustResize|stateAlwaysHidden" />
93-->src/main/AndroidManifest.xml:84:13-73
94        <activity
94-->src/main/AndroidManifest.xml:85:9-88:57
95            android:name="org.digitalcampus.oppia.activity.CourseMetaPageActivity"
95-->src/main/AndroidManifest.xml:86:13-83
96            android:label="@string/title_course_meta"
96-->src/main/AndroidManifest.xml:87:13-54
97            android:theme="@style/Oppia.ToolbarTheme" />
97-->src/main/AndroidManifest.xml:88:13-54
98        <activity
98-->src/main/AndroidManifest.xml:89:9-92:57
99            android:name="org.digitalcampus.oppia.activity.DownloadMediaActivity"
99-->src/main/AndroidManifest.xml:90:13-82
100            android:label="@string/title_download_media"
100-->src/main/AndroidManifest.xml:91:13-57
101            android:theme="@style/Oppia.ToolbarTheme" />
101-->src/main/AndroidManifest.xml:92:13-54
102        <activity
102-->src/main/AndroidManifest.xml:93:9-96:57
103            android:name="org.digitalcampus.oppia.activity.ScorecardActivity"
103-->src/main/AndroidManifest.xml:94:13-78
104            android:label="@string/title_scorecard"
104-->src/main/AndroidManifest.xml:95:13-52
105            android:theme="@style/Oppia.ToolbarTheme" />
105-->src/main/AndroidManifest.xml:96:13-54
106        <activity
106-->src/main/AndroidManifest.xml:97:9-100:57
107            android:name="org.digitalcampus.oppia.activity.CourseQuizAttemptsActivity"
107-->src/main/AndroidManifest.xml:98:13-87
108            android:label="@string/quiz_attempts.title"
108-->src/main/AndroidManifest.xml:99:13-56
109            android:theme="@style/Oppia.ToolbarTheme" />
109-->src/main/AndroidManifest.xml:100:13-54
110        <activity
110-->src/main/AndroidManifest.xml:101:9-104:57
111            android:name="org.digitalcampus.oppia.activity.QuizAttemptActivity"
111-->src/main/AndroidManifest.xml:102:13-80
112            android:label="@string/quiz_attempt.title"
112-->src/main/AndroidManifest.xml:103:13-55
113            android:theme="@style/Oppia.ToolbarTheme" />
113-->src/main/AndroidManifest.xml:104:13-54
114        <activity
114-->src/main/AndroidManifest.xml:105:9-108:57
115            android:name="org.digitalcampus.oppia.activity.SearchActivity"
115-->src/main/AndroidManifest.xml:106:13-75
116            android:label="@string/search.activity_title"
116-->src/main/AndroidManifest.xml:107:13-58
117            android:theme="@style/Oppia.ToolbarTheme" />
117-->src/main/AndroidManifest.xml:108:13-54
118        <activity
118-->src/main/AndroidManifest.xml:109:9-112:57
119            android:name="org.digitalcampus.oppia.activity.PrivacyActivity"
119-->src/main/AndroidManifest.xml:110:13-76
120            android:label="@string/privacy.title"
120-->src/main/AndroidManifest.xml:111:13-50
121            android:theme="@style/Oppia.ToolbarTheme" />
121-->src/main/AndroidManifest.xml:112:13-54
122        <activity
122-->src/main/AndroidManifest.xml:113:9-115:48
123            android:name="org.digitalcampus.oppia.activity.AppActivity"
123-->src/main/AndroidManifest.xml:114:13-72
124            android:label="@string/app_name" />
124-->src/main/AndroidManifest.xml:115:13-45
125        <activity
125-->src/main/AndroidManifest.xml:116:9-120:55
126            android:name="org.digitalcampus.oppia.utils.mediaplayer.VideoPlayerActivity"
126-->src/main/AndroidManifest.xml:117:13-89
127            android:label="@string/media_player_description"
127-->src/main/AndroidManifest.xml:118:13-61
128            android:screenOrientation="landscape"
128-->src/main/AndroidManifest.xml:119:13-50
129            android:theme="@style/Oppia.Fullscreen" />
129-->src/main/AndroidManifest.xml:120:13-52
130        <activity
130-->src/main/AndroidManifest.xml:121:9-125:58
131            android:name="org.digitalcampus.oppia.activity.SyncActivity"
131-->src/main/AndroidManifest.xml:122:13-73
132            android:label="@string/title_sync"
132-->src/main/AndroidManifest.xml:123:13-47
133            android:theme="@style/Oppia.ToolbarTheme"
133-->src/main/AndroidManifest.xml:124:13-54
134            android:windowSoftInputMode="adjustResize" />
134-->src/main/AndroidManifest.xml:125:13-55
135        <activity
135-->src/main/AndroidManifest.xml:126:9-130:58
136            android:name="org.digitalcampus.oppia.activity.ActivityLogActivity"
136-->src/main/AndroidManifest.xml:127:13-80
137            android:label="@string/title_activitylog"
137-->src/main/AndroidManifest.xml:128:13-54
138            android:theme="@style/Oppia.ToolbarTheme"
138-->src/main/AndroidManifest.xml:129:13-54
139            android:windowSoftInputMode="adjustResize" />
139-->src/main/AndroidManifest.xml:130:13-55
140        <activity
140-->src/main/AndroidManifest.xml:131:9-136:58
141            android:name="org.digitalcampus.oppia.activity.DeviceListActivity"
141-->src/main/AndroidManifest.xml:132:13-79
142            android:configChanges="orientation|screenSize|keyboardHidden"
142-->src/main/AndroidManifest.xml:133:13-74
143            android:label="@string/bluetooth.select_device"
143-->src/main/AndroidManifest.xml:134:13-60
144            android:theme="@style/Oppia.Dialog"
144-->src/main/AndroidManifest.xml:135:13-48
145            android:windowSoftInputMode="adjustResize" />
145-->src/main/AndroidManifest.xml:136:13-55
146        <activity
146-->src/main/AndroidManifest.xml:137:9-141:76
147            android:name="org.digitalcampus.oppia.activity.EditProfileActivity"
147-->src/main/AndroidManifest.xml:138:13-80
148            android:label="@string/title_activity_edit_profile"
148-->src/main/AndroidManifest.xml:139:13-64
149            android:theme="@style/Oppia.ToolbarTheme"
149-->src/main/AndroidManifest.xml:140:13-54
150            android:windowSoftInputMode="stateAlwaysHidden|adjustResize" />
150-->src/main/AndroidManifest.xml:141:13-73
151        <activity
151-->src/main/AndroidManifest.xml:142:9-146:76
152            android:name="org.digitalcampus.oppia.activity.ChangePasswordActivity"
152-->src/main/AndroidManifest.xml:143:13-83
153            android:label="@string/change_password"
153-->src/main/AndroidManifest.xml:144:13-52
154            android:theme="@style/Oppia.ToolbarTheme"
154-->src/main/AndroidManifest.xml:145:13-54
155            android:windowSoftInputMode="stateAlwaysHidden|adjustResize" />
155-->src/main/AndroidManifest.xml:146:13-73
156        <activity
156-->src/main/AndroidManifest.xml:147:9-164:20
157            android:name="org.digitalcampus.oppia.activity.ViewDigestActivity"
157-->src/main/AndroidManifest.xml:148:13-79
158            android:theme="@style/Oppia.ToolbarTheme.Dark" >
158-->src/main/AndroidManifest.xml:149:13-59
159            <intent-filter>
159-->src/main/AndroidManifest.xml:150:13-163:29
160                <action android:name="android.intent.action.VIEW" />
160-->src/main/AndroidManifest.xml:151:17-69
160-->src/main/AndroidManifest.xml:151:25-66
161
162                <category android:name="android.intent.category.DEFAULT" />
162-->src/main/AndroidManifest.xml:153:17-76
162-->src/main/AndroidManifest.xml:153:27-73
163                <category android:name="android.intent.category.BROWSABLE" />
163-->src/main/AndroidManifest.xml:154:17-78
163-->src/main/AndroidManifest.xml:154:27-75
164
165                <!-- https://developer.android.com/training/app-links/deep-linking -->
166                <data
166-->src/main/AndroidManifest.xml:157:17-160:45
167                    android:host="@string/oppiaServerDomain"
167-->src/main/AndroidManifest.xml:158:21-61
168                    android:pathPrefix="/view"
168-->src/main/AndroidManifest.xml:159:21-47
169                    android:scheme="http" />
169-->src/main/AndroidManifest.xml:160:21-42
170                <data android:scheme="https" />
170-->src/main/AndroidManifest.xml:157:17-160:45
170-->src/main/AndroidManifest.xml:160:21-42
171                <data android:scheme="oppiamobile" />
171-->src/main/AndroidManifest.xml:157:17-160:45
171-->src/main/AndroidManifest.xml:160:21-42
172            </intent-filter>
173        </activity>
174        <activity
174-->src/main/AndroidManifest.xml:165:9-169:58
175            android:name="org.digitalcampus.oppia.activity.AnalyticsOptinActivity"
175-->src/main/AndroidManifest.xml:166:13-83
176            android:label="@string/analytics.optin.title"
176-->src/main/AndroidManifest.xml:167:13-58
177            android:theme="@style/Oppia.ToolbarTheme"
177-->src/main/AndroidManifest.xml:168:13-54
178            android:windowSoftInputMode="adjustResize" />
178-->src/main/AndroidManifest.xml:169:13-55
179
180        <service
180-->src/main/AndroidManifest.xml:171:9-174:49
181            android:name="org.digitalcampus.oppia.service.DownloadService"
181-->src/main/AndroidManifest.xml:172:13-75
182            android:exported="false"
182-->src/main/AndroidManifest.xml:173:13-37
183            android:icon="@drawable/app_icon" />
183-->src/main/AndroidManifest.xml:174:13-46
184        <service
184-->src/main/AndroidManifest.xml:175:9-178:49
185            android:name="org.digitalcampus.oppia.service.courseinstall.CourseInstallerService"
185-->src/main/AndroidManifest.xml:176:13-96
186            android:exported="false"
186-->src/main/AndroidManifest.xml:177:13-37
187            android:icon="@drawable/app_icon" />
187-->src/main/AndroidManifest.xml:178:13-46
188        <service
188-->src/main/AndroidManifest.xml:179:9-182:49
189            android:name="org.digitalcampus.oppia.service.bluetooth.BluetoothTransferService"
189-->src/main/AndroidManifest.xml:180:13-94
190            android:exported="false"
190-->src/main/AndroidManifest.xml:181:13-37
191            android:icon="@drawable/app_icon" />
191-->src/main/AndroidManifest.xml:182:13-46
192        <service
192-->src/main/AndroidManifest.xml:183:9-186:49
193            android:name="org.digitalcampus.oppia.gamification.GamificationService"
193-->src/main/AndroidManifest.xml:184:13-84
194            android:exported="false"
194-->src/main/AndroidManifest.xml:185:13-37
195            android:icon="@drawable/app_icon" />
195-->src/main/AndroidManifest.xml:186:13-46
196
197        <provider
198            android:name="androidx.core.content.FileProvider"
198-->src/main/AndroidManifest.xml:189:13-62
199            android:authorities="org.digitalcampus.oppia.tigray.provider"
199-->src/main/AndroidManifest.xml:190:13-60
200            android:exported="false"
200-->src/main/AndroidManifest.xml:191:13-37
201            android:grantUriPermissions="true" >
201-->src/main/AndroidManifest.xml:192:13-47
202            <meta-data
202-->src/main/AndroidManifest.xml:193:13-195:53
203                android:name="android.support.FILE_PROVIDER_PATHS"
203-->src/main/AndroidManifest.xml:194:17-67
204                android:resource="@xml/filepaths" />
204-->src/main/AndroidManifest.xml:195:17-50
205        </provider>
206
207        <activity
207-->[androidx.fragment:fragment-testing:1.2.5] AndroidManifest.xml:28:9-37:20
208            android:name="androidx.fragment.app.testing.FragmentScenario$EmptyFragmentActivity"
208-->[androidx.fragment:fragment-testing:1.2.5] AndroidManifest.xml:29:13-96
209            android:exported="true"
209-->[androidx.fragment:fragment-testing:1.2.5] AndroidManifest.xml:30:13-36
210            android:multiprocess="true"
210-->[androidx.fragment:fragment-testing:1.2.5] AndroidManifest.xml:31:13-40
211            android:taskAffinity=""
211-->[androidx.fragment:fragment-testing:1.2.5] AndroidManifest.xml:32:13-36
212            android:theme="@style/FragmentScenarioEmptyFragmentActivityTheme" >
212-->[androidx.fragment:fragment-testing:1.2.5] AndroidManifest.xml:33:13-78
213            <intent-filter>
213-->[androidx.fragment:fragment-testing:1.2.5] AndroidManifest.xml:34:13-36:29
214                <action android:name="android.intent.action.MAIN" />
214-->src/main/AndroidManifest.xml:36:17-69
214-->src/main/AndroidManifest.xml:36:25-66
215            </intent-filter>
216        </activity>
217
218        <provider
218-->[androidx.work:work-runtime:2.7.1] AndroidManifest.xml:31:9-39:20
219            android:name="androidx.startup.InitializationProvider"
219-->[androidx.work:work-runtime:2.7.1] AndroidManifest.xml:32:13-67
220            android:authorities="org.digitalcampus.oppia.tigray.androidx-startup"
220-->[androidx.work:work-runtime:2.7.1] AndroidManifest.xml:33:13-68
221            android:exported="false" >
221-->[androidx.work:work-runtime:2.7.1] AndroidManifest.xml:34:13-37
222            <meta-data
222-->[androidx.work:work-runtime:2.7.1] AndroidManifest.xml:36:13-38:52
223                android:name="androidx.work.WorkManagerInitializer"
223-->[androidx.work:work-runtime:2.7.1] AndroidManifest.xml:37:17-68
224                android:value="androidx.startup" />
224-->[androidx.work:work-runtime:2.7.1] AndroidManifest.xml:38:17-49
225            <meta-data
225-->[androidx.emoji2:emoji2:1.0.0] AndroidManifest.xml:31:13-33:52
226                android:name="androidx.emoji2.text.EmojiCompatInitializer"
226-->[androidx.emoji2:emoji2:1.0.0] AndroidManifest.xml:32:17-75
227                android:value="androidx.startup" />
227-->[androidx.emoji2:emoji2:1.0.0] AndroidManifest.xml:33:17-49
228            <meta-data
228-->[androidx.lifecycle:lifecycle-process:2.4.0] AndroidManifest.xml:31:13-33:52
229                android:name="androidx.lifecycle.ProcessLifecycleInitializer"
229-->[androidx.lifecycle:lifecycle-process:2.4.0] AndroidManifest.xml:32:17-78
230                android:value="androidx.startup" />
230-->[androidx.lifecycle:lifecycle-process:2.4.0] AndroidManifest.xml:33:17-49
231        </provider>
232
233        <service
233-->[androidx.work:work-runtime:2.7.1] AndroidManifest.xml:41:9-46:35
234            android:name="androidx.work.impl.background.systemalarm.SystemAlarmService"
234-->[androidx.work:work-runtime:2.7.1] AndroidManifest.xml:42:13-88
235            android:directBootAware="false"
235-->[androidx.work:work-runtime:2.7.1] AndroidManifest.xml:43:13-44
236            android:enabled="@bool/enable_system_alarm_service_default"
236-->[androidx.work:work-runtime:2.7.1] AndroidManifest.xml:44:13-72
237            android:exported="false" />
237-->[androidx.work:work-runtime:2.7.1] AndroidManifest.xml:45:13-37
238        <service
238-->[androidx.work:work-runtime:2.7.1] AndroidManifest.xml:47:9-53:35
239            android:name="androidx.work.impl.background.systemjob.SystemJobService"
239-->[androidx.work:work-runtime:2.7.1] AndroidManifest.xml:48:13-84
240            android:directBootAware="false"
240-->[androidx.work:work-runtime:2.7.1] AndroidManifest.xml:49:13-44
241            android:enabled="@bool/enable_system_job_service_default"
241-->[androidx.work:work-runtime:2.7.1] AndroidManifest.xml:50:13-70
242            android:exported="true"
242-->[androidx.work:work-runtime:2.7.1] AndroidManifest.xml:51:13-36
243            android:permission="android.permission.BIND_JOB_SERVICE" />
243-->[androidx.work:work-runtime:2.7.1] AndroidManifest.xml:52:13-69
244        <service
244-->[androidx.work:work-runtime:2.7.1] AndroidManifest.xml:54:9-59:35
245            android:name="androidx.work.impl.foreground.SystemForegroundService"
245-->[androidx.work:work-runtime:2.7.1] AndroidManifest.xml:55:13-81
246            android:directBootAware="false"
246-->[androidx.work:work-runtime:2.7.1] AndroidManifest.xml:56:13-44
247            android:enabled="@bool/enable_system_foreground_service_default"
247-->[androidx.work:work-runtime:2.7.1] AndroidManifest.xml:57:13-77
248            android:exported="false" />
248-->[androidx.work:work-runtime:2.7.1] AndroidManifest.xml:58:13-37
249
250        <receiver
250-->[androidx.work:work-runtime:2.7.1] AndroidManifest.xml:61:9-66:35
251            android:name="androidx.work.impl.utils.ForceStopRunnable$BroadcastReceiver"
251-->[androidx.work:work-runtime:2.7.1] AndroidManifest.xml:62:13-88
252            android:directBootAware="false"
252-->[androidx.work:work-runtime:2.7.1] AndroidManifest.xml:63:13-44
253            android:enabled="true"
253-->[androidx.work:work-runtime:2.7.1] AndroidManifest.xml:64:13-35
254            android:exported="false" />
254-->[androidx.work:work-runtime:2.7.1] AndroidManifest.xml:65:13-37
255        <receiver
255-->[androidx.work:work-runtime:2.7.1] AndroidManifest.xml:67:9-77:20
256            android:name="androidx.work.impl.background.systemalarm.ConstraintProxy$BatteryChargingProxy"
256-->[androidx.work:work-runtime:2.7.1] AndroidManifest.xml:68:13-106
257            android:directBootAware="false"
257-->[androidx.work:work-runtime:2.7.1] AndroidManifest.xml:69:13-44
258            android:enabled="false"
258-->[androidx.work:work-runtime:2.7.1] AndroidManifest.xml:70:13-36
259            android:exported="false" >
259-->[androidx.work:work-runtime:2.7.1] AndroidManifest.xml:71:13-37
260            <intent-filter>
260-->[androidx.work:work-runtime:2.7.1] AndroidManifest.xml:73:13-76:29
261                <action android:name="android.intent.action.ACTION_POWER_CONNECTED" />
261-->[androidx.work:work-runtime:2.7.1] AndroidManifest.xml:74:17-87
261-->[androidx.work:work-runtime:2.7.1] AndroidManifest.xml:74:25-84
262                <action android:name="android.intent.action.ACTION_POWER_DISCONNECTED" />
262-->[androidx.work:work-runtime:2.7.1] AndroidManifest.xml:75:17-90
262-->[androidx.work:work-runtime:2.7.1] AndroidManifest.xml:75:25-87
263            </intent-filter>
264        </receiver>
265        <receiver
265-->[androidx.work:work-runtime:2.7.1] AndroidManifest.xml:78:9-88:20
266            android:name="androidx.work.impl.background.systemalarm.ConstraintProxy$BatteryNotLowProxy"
266-->[androidx.work:work-runtime:2.7.1] AndroidManifest.xml:79:13-104
267            android:directBootAware="false"
267-->[androidx.work:work-runtime:2.7.1] AndroidManifest.xml:80:13-44
268            android:enabled="false"
268-->[androidx.work:work-runtime:2.7.1] AndroidManifest.xml:81:13-36
269            android:exported="false" >
269-->[androidx.work:work-runtime:2.7.1] AndroidManifest.xml:82:13-37
270            <intent-filter>
270-->[androidx.work:work-runtime:2.7.1] AndroidManifest.xml:84:13-87:29
271                <action android:name="android.intent.action.BATTERY_OKAY" />
271-->[androidx.work:work-runtime:2.7.1] AndroidManifest.xml:85:17-77
271-->[androidx.work:work-runtime:2.7.1] AndroidManifest.xml:85:25-74
272                <action android:name="android.intent.action.BATTERY_LOW" />
272-->[androidx.work:work-runtime:2.7.1] AndroidManifest.xml:86:17-76
272-->[androidx.work:work-runtime:2.7.1] AndroidManifest.xml:86:25-73
273            </intent-filter>
274        </receiver>
275        <receiver
275-->[androidx.work:work-runtime:2.7.1] AndroidManifest.xml:89:9-99:20
276            android:name="androidx.work.impl.background.systemalarm.ConstraintProxy$StorageNotLowProxy"
276-->[androidx.work:work-runtime:2.7.1] AndroidManifest.xml:90:13-104
277            android:directBootAware="false"
277-->[androidx.work:work-runtime:2.7.1] AndroidManifest.xml:91:13-44
278            android:enabled="false"
278-->[androidx.work:work-runtime:2.7.1] AndroidManifest.xml:92:13-36
279            android:exported="false" >
279-->[androidx.work:work-runtime:2.7.1] AndroidManifest.xml:93:13-37
280            <intent-filter>
280-->[androidx.work:work-runtime:2.7.1] AndroidManifest.xml:95:13-98:29
281                <action android:name="android.intent.action.DEVICE_STORAGE_LOW" />
281-->[androidx.work:work-runtime:2.7.1] AndroidManifest.xml:96:17-83
281-->[androidx.work:work-runtime:2.7.1] AndroidManifest.xml:96:25-80
282                <action android:name="android.intent.action.DEVICE_STORAGE_OK" />
282-->[androidx.work:work-runtime:2.7.1] AndroidManifest.xml:97:17-82
282-->[androidx.work:work-runtime:2.7.1] AndroidManifest.xml:97:25-79
283            </intent-filter>
284        </receiver>
285        <receiver
285-->[androidx.work:work-runtime:2.7.1] AndroidManifest.xml:100:9-109:20
286            android:name="androidx.work.impl.background.systemalarm.ConstraintProxy$NetworkStateProxy"
286-->[androidx.work:work-runtime:2.7.1] AndroidManifest.xml:101:13-103
287            android:directBootAware="false"
287-->[androidx.work:work-runtime:2.7.1] AndroidManifest.xml:102:13-44
288            android:enabled="false"
288-->[androidx.work:work-runtime:2.7.1] AndroidManifest.xml:103:13-36
289            android:exported="false" >
289-->[androidx.work:work-runtime:2.7.1] AndroidManifest.xml:104:13-37
290            <intent-filter>
290-->[androidx.work:work-runtime:2.7.1] AndroidManifest.xml:106:13-108:29